<component name="libraryTable">
  <library name="junit-jupiter-api-5.3.1-javadoc">
    <CLASSES />
    <JAVADOC>
      <root url="jar://$PROJECT_DIR$/../../../../../LocalApp/junit-jupiter-api-5.3.1-javadoc.jar!/" />
    </JAVADOC>
    <SOURCES />
  </library>
</component>